<?xml version="1.0" encoding="UTF-8"?>
<!-- Generated by org.testng.reporters.JUnitReportReporter -->
<testsuite hostname="HARSHITA" failures="0" tests="1" name="captureScreenshot.Firefox_FbScreenshot" time="316.927" errors="0" timestamp="15 Aug 2018 23:30:35 GMT" skipped="0">
  <testcase classname="captureScreenshot.Firefox_FbScreenshot" name="CaptureScreenshot" time="316.927"/>
</testsuite> <!-- captureScreenshot.Firefox_FbScreenshot -->
