<?xml version="1.0" encoding="UTF-8"?>
<!-- Generated by org.testng.reporters.JUnitReportReporter -->
<testsuite hostname="HARSHITA" failures="0" tests="1" name="captureScreenshot.Opera_FbScreenshot" time="248.860" errors="0" timestamp="15 Aug 2018 23:30:35 GMT" skipped="0">
  <testcase classname="captureScreenshot.Opera_FbScreenshot" name="CaptureScreenshot" time="248.860"/>
</testsuite> <!-- captureScreenshot.Opera_FbScreenshot -->
