<?xml version="1.0" encoding="UTF-8"?>
<!-- Generated by org.testng.reporters.JUnitReportReporter -->
<testsuite hostname="HARSHITA" failures="0" tests="1" name="captureScreenshot.Chrome_FbScreenshot" time="235.204" errors="0" timestamp="15 Aug 2018 23:30:35 GMT" skipped="0">
  <testcase classname="captureScreenshot.Chrome_FbScreenshot" name="CaptureScreenshot" time="235.204"/>
</testsuite> <!-- captureScreenshot.Chrome_FbScreenshot -->
