<?xml version="1.0" encoding="UTF-8"?>
<!-- Generated by org.testng.reporters.JUnitReportReporter -->
<testsuite hostname="HARSHITA" failures="0" tests="1" name="captureScreenshot.FbScreenshot" time="104.064" errors="0" timestamp="15 Aug 2018 19:13:52 GMT" skipped="0">
  <testcase classname="captureScreenshot.FbScreenshot" name="CaptureScreenshot" time="104.064"/>
</testsuite> <!-- captureScreenshot.FbScreenshot -->
